<?xml version="1.0" encoding="UTF-8"?>
<!-- Generated by org.testng.reporters.JUnitReportReporter -->
<testsuite hostname="admin-PC" failures="0" tests="4" name="mutipleproductbuy.mutipleproductbuy" time="307.156" errors="0" timestamp="2023-10-21T22:48:38 IST" skipped="0">
  <testcase classname="mutipleproductbuy.mutipleproductbuy" name="websiteSignin" time="53.165"/>
  <system-out/>
  <testcase classname="mutipleproductbuy.mutipleproductbuy" name="websiteSignin" time="56.423"/>
  <system-out/>
  <testcase classname="mutipleproductbuy.mutipleproductbuy" name="websiteSignin" time="52.194"/>
  <system-out/>
  <testcase classname="mutipleproductbuy.mutipleproductbuy" name="websiteSignin" time="145.374"/>
  <system-out/>
</testsuite> <!-- mutipleproductbuy.mutipleproductbuy -->
